{"C:\\Users\\pnvis\\Documents\\GitHub\\epicroadtrip\\epic-road-trip-backend\\controllers\\authController.js": {"path":"C:\\Users\\pnvis\\Documents\\GitHub\\epicroadtrip\\epic-road-trip-backend\\controllers\\authController.js","statementMap":{"0":{"start":{"line":2,"column":13},"end":{"line":2,"column":43}},"1":{"start":{"line":9,"column":0},"end":{"line":33,"column":2}},"2":{"start":{"line":10,"column":33},"end":{"line":10,"column":41}},"3":{"start":{"line":11,"column":2},"end":{"line":13,"column":3}},"4":{"start":{"line":12,"column":4},"end":{"line":12,"column":84}},"5":{"start":{"line":15,"column":2},"end":{"line":32,"column":3}},"6":{"start":{"line":16,"column":25},"end":{"line":16,"column":81}},"7":{"start":{"line":17,"column":4},"end":{"line":19,"column":5}},"8":{"start":{"line":18,"column":6},"end":{"line":18,"column":75}},"9":{"start":{"line":26,"column":20},"end":{"line":26,"column":76}},"10":{"start":{"line":27,"column":4},"end":{"line":27,"column":25}},"11":{"start":{"line":28,"column":4},"end":{"line":28,"column":119}},"12":{"start":{"line":30,"column":4},"end":{"line":30,"column":48}},"13":{"start":{"line":31,"column":4},"end":{"line":31,"column":86}},"14":{"start":{"line":36,"column":0},"end":{"line":69,"column":2}},"15":{"start":{"line":37,"column":33},"end":{"line":37,"column":41}},"16":{"start":{"line":38,"column":2},"end":{"line":40,"column":3}},"17":{"start":{"line":39,"column":4},"end":{"line":39,"column":84}},"18":{"start":{"line":42,"column":2},"end":{"line":68,"column":3}},"19":{"start":{"line":43,"column":17},"end":{"line":43,"column":73}},"20":{"start":{"line":44,"column":4},"end":{"line":46,"column":5}},"21":{"start":{"line":45,"column":6},"end":{"line":45,"column":88}},"22":{"start":{"line":54,"column":4},"end":{"line":56,"column":5}},"23":{"start":{"line":55,"column":6},"end":{"line":55,"column":92}},"24":{"start":{"line":63,"column":4},"end":{"line":63,"column":89}},"25":{"start":{"line":66,"column":4},"end":{"line":66,"column":41}},"26":{"start":{"line":67,"column":4},"end":{"line":67,"column":80}}},"fnMap":{"0":{"name":"(anonymous_0)","decl":{"start":{"line":9,"column":19},"end":{"line":9,"column":20}},"loc":{"start":{"line":9,"column":39},"end":{"line":33,"column":1}},"line":9},"1":{"name":"(anonymous_1)","decl":{"start":{"line":36,"column":16},"end":{"line":36,"column":17}},"loc":{"start":{"line":36,"column":36},"end":{"line":69,"column":1}},"line":36}},"branchMap":{"0":{"loc":{"start":{"line":11,"column":2},"end":{"line":13,"column":3}},"type":"if","locations":[{"start":{"line":11,"column":2},"end":{"line":13,"column":3}},{"start":{},"end":{}}],"line":11},"1":{"loc":{"start":{"line":11,"column":6},"end":{"line":11,"column":28}},"type":"binary-expr","locations":[{"start":{"line":11,"column":6},"end":{"line":11,"column":15}},{"start":{"line":11,"column":19},"end":{"line":11,"column":28}}],"line":11},"2":{"loc":{"start":{"line":17,"column":4},"end":{"line":19,"column":5}},"type":"if","locations":[{"start":{"line":17,"column":4},"end":{"line":19,"column":5}},{"start":{},"end":{}}],"line":17},"3":{"loc":{"start":{"line":38,"column":2},"end":{"line":40,"column":3}},"type":"if","locations":[{"start":{"line":38,"column":2},"end":{"line":40,"column":3}},{"start":{},"end":{}}],"line":38},"4":{"loc":{"start":{"line":38,"column":6},"end":{"line":38,"column":28}},"type":"binary-expr","locations":[{"start":{"line":38,"column":6},"end":{"line":38,"column":15}},{"start":{"line":38,"column":19},"end":{"line":38,"column":28}}],"line":38},"5":{"loc":{"start":{"line":44,"column":4},"end":{"line":46,"column":5}},"type":"if","locations":[{"start":{"line":44,"column":4},"end":{"line":46,"column":5}},{"start":{},"end":{}}],"line":44},"6":{"loc":{"start":{"line":54,"column":4},"end":{"line":56,"column":5}},"type":"if","locations":[{"start":{"line":54,"column":4},"end":{"line":56,"column":5}},{"start":{},"end":{}}],"line":54}},"s":{"0":1,"1":1,"2":5,"3":5,"4":2,"5":3,"6":3,"7":3,"8":1,"9":2,"10":2,"11":1,"12":1,"13":1,"14":1,"15":5,"16":5,"17":1,"18":4,"19":4,"20":3,"21":1,"22":2,"23":1,"24":1,"25":1,"26":1},"f":{"0":5,"1":5},"b":{"0":[2,3],"1":[5,4],"2":[1,2],"3":[1,4],"4":[5,5],"5":[1,2],"6":[1,1]},"_coverageSchema":"1a1c01bbd47fc00a2c39e90264f33305004495a9","hash":"6fba92a9478b0ad50a4d13a74215df325d124dc3"}
,"C:\\Users\\pnvis\\Documents\\GitHub\\epicroadtrip\\epic-road-trip-backend\\controllers\\googlePlacesController.js": {"path":"C:\\Users\\pnvis\\Documents\\GitHub\\epicroadtrip\\epic-road-trip-backend\\controllers\\googlePlacesController.js","statementMap":{"0":{"start":{"line":2,"column":23},"end":{"line":2,"column":58}},"1":{"start":{"line":5,"column":82},"end":{"line":5,"column":91}},"2":{"start":{"line":8,"column":21},"end":{"line":8,"column":25}},"3":{"start":{"line":10,"column":2},"end":{"line":20,"column":3}},"4":{"start":{"line":11,"column":4},"end":{"line":11,"column":79}},"5":{"start":{"line":12,"column":4},"end":{"line":12,"column":101}},"6":{"start":{"line":13,"column":9},"end":{"line":20,"column":3}},"7":{"start":{"line":14,"column":4},"end":{"line":14,"column":114}},"8":{"start":{"line":15,"column":9},"end":{"line":20,"column":3}},"9":{"start":{"line":16,"column":4},"end":{"line":16,"column":52}},"10":{"start":{"line":19,"column":4},"end":{"line":19,"column":117}},"11":{"start":{"line":22,"column":2},"end":{"line":39,"column":3}},"12":{"start":{"line":25,"column":26},"end":{"line":25,"column":115}},"13":{"start":{"line":27,"column":31},"end":{"line":27,"column":51}},"14":{"start":{"line":28,"column":23},"end":{"line":28,"column":61}},"15":{"start":{"line":29,"column":29},"end":{"line":29,"column":90}},"16":{"start":{"line":31,"column":4},"end":{"line":36,"column":7}},"17":{"start":{"line":38,"column":4},"end":{"line":38,"column":117}},"18":{"start":{"line":42,"column":0},"end":{"line":44,"column":2}},"19":{"start":{"line":43,"column":2},"end":{"line":43,"column":51}},"20":{"start":{"line":46,"column":0},"end":{"line":48,"column":2}},"21":{"start":{"line":47,"column":2},"end":{"line":47,"column":54}},"22":{"start":{"line":50,"column":0},"end":{"line":52,"column":2}},"23":{"start":{"line":51,"column":2},"end":{"line":51,"column":47}}},"fnMap":{"0":{"name":"getGooglePlacesByType","decl":{"start":{"line":4,"column":15},"end":{"line":4,"column":36}},"loc":{"start":{"line":4,"column":64},"end":{"line":40,"column":1}},"line":4},"1":{"name":"(anonymous_1)","decl":{"start":{"line":42,"column":30},"end":{"line":42,"column":31}},"loc":{"start":{"line":42,"column":50},"end":{"line":44,"column":1}},"line":42},"2":{"name":"(anonymous_2)","decl":{"start":{"line":46,"column":35},"end":{"line":46,"column":36}},"loc":{"start":{"line":46,"column":55},"end":{"line":48,"column":1}},"line":46},"3":{"name":"(anonymous_3)","decl":{"start":{"line":50,"column":28},"end":{"line":50,"column":29}},"loc":{"start":{"line":50,"column":48},"end":{"line":52,"column":1}},"line":50}},"branchMap":{"0":{"loc":{"start":{"line":5,"column":57},"end":{"line":5,"column":65}},"type":"default-arg","locations":[{"start":{"line":5,"column":64},"end":{"line":5,"column":65}}],"line":5},"1":{"loc":{"start":{"line":5,"column":67},"end":{"line":5,"column":77}},"type":"default-arg","locations":[{"start":{"line":5,"column":75},"end":{"line":5,"column":77}}],"line":5},"2":{"loc":{"start":{"line":10,"column":2},"end":{"line":20,"column":3}},"type":"if","locations":[{"start":{"line":10,"column":2},"end":{"line":20,"column":3}},{"start":{"line":13,"column":9},"end":{"line":20,"column":3}}],"line":10},"3":{"loc":{"start":{"line":10,"column":6},"end":{"line":10,"column":37}},"type":"binary-expr","locations":[{"start":{"line":10,"column":6},"end":{"line":10,"column":14}},{"start":{"line":10,"column":18},"end":{"line":10,"column":27}},{"start":{"line":10,"column":31},"end":{"line":10,"column":37}}],"line":10},"4":{"loc":{"start":{"line":11,"column":21},"end":{"line":11,"column":78}},"type":"cond-expr","locations":[{"start":{"line":11,"column":30},"end":{"line":11,"column":60}},{"start":{"line":11,"column":63},"end":{"line":11,"column":78}}],"line":11},"5":{"loc":{"start":{"line":13,"column":9},"end":{"line":20,"column":3}},"type":"if","locations":[{"start":{"line":13,"column":9},"end":{"line":20,"column":3}},{"start":{"line":15,"column":9},"end":{"line":20,"column":3}}],"line":13},"6":{"loc":{"start":{"line":14,"column":21},"end":{"line":14,"column":113}},"type":"cond-expr","locations":[{"start":{"line":14,"column":30},"end":{"line":14,"column":75}},{"start":{"line":14,"column":78},"end":{"line":14,"column":113}}],"line":14},"7":{"loc":{"start":{"line":15,"column":9},"end":{"line":20,"column":3}},"type":"if","locations":[{"start":{"line":15,"column":9},"end":{"line":20,"column":3}},{"start":{"line":18,"column":7},"end":{"line":20,"column":3}}],"line":15},"8":{"loc":{"start":{"line":32,"column":18},"end":{"line":32,"column":94}},"type":"cond-expr","locations":[{"start":{"line":32,"column":43},"end":{"line":32,"column":90}},{"start":{"line":32,"column":93},"end":{"line":32,"column":94}}],"line":32}},"s":{"0":1,"1":10,"2":10,"3":10,"4":4,"5":4,"6":6,"7":4,"8":2,"9":1,"10":1,"11":9,"12":9,"13":8,"14":8,"15":8,"16":8,"17":1,"18":1,"19":6,"20":1,"21":2,"22":1,"23":2},"f":{"0":10,"1":6,"2":2,"3":2},"b":{"0":[1],"1":[1],"2":[4,6],"3":[10,4,4],"4":[1,3],"5":[4,2],"6":[1,3],"7":[1,1],"8":[4,4]},"_coverageSchema":"1a1c01bbd47fc00a2c39e90264f33305004495a9","hash":"ef18c2192e3d7a6af8f00bd9915438a92470e188"}
,"C:\\Users\\pnvis\\Documents\\GitHub\\epicroadtrip\\epic-road-trip-backend\\controllers\\poiController.js": {"path":"C:\\Users\\pnvis\\Documents\\GitHub\\epicroadtrip\\epic-road-trip-backend\\controllers\\poiController.js","statementMap":{"0":{"start":{"line":2,"column":12},"end":{"line":2,"column":41}},"1":{"start":{"line":5,"column":0},"end":{"line":73,"column":2}},"2":{"start":{"line":6,"column":2},"end":{"line":72,"column":3}},"3":{"start":{"line":19,"column":8},"end":{"line":19,"column":17}},"4":{"start":{"line":21,"column":16},"end":{"line":21,"column":18}},"5":{"start":{"line":22,"column":4},"end":{"line":22,"column":53}},"6":{"start":{"line":24,"column":4},"end":{"line":27,"column":5}},"7":{"start":{"line":25,"column":24},"end":{"line":25,"column":75}},"8":{"start":{"line":25,"column":49},"end":{"line":25,"column":74}},"9":{"start":{"line":26,"column":6},"end":{"line":26,"column":39}},"10":{"start":{"line":28,"column":4},"end":{"line":28,"column":72}},"11":{"start":{"line":28,"column":14},"end":{"line":28,"column":72}},"12":{"start":{"line":29,"column":4},"end":{"line":29,"column":84}},"13":{"start":{"line":29,"column":18},"end":{"line":29,"column":84}},"14":{"start":{"line":31,"column":4},"end":{"line":41,"column":5}},"15":{"start":{"line":32,"column":6},"end":{"line":40,"column":8}},"16":{"start":{"line":43,"column":4},"end":{"line":52,"column":5}},"17":{"start":{"line":44,"column":6},"end":{"line":51,"column":8}},"18":{"start":{"line":54,"column":18},"end":{"line":54,"column":49}},"19":{"start":{"line":55,"column":17},"end":{"line":60,"column":13}},"20":{"start":{"line":62,"column":4},"end":{"line":67,"column":7}},"21":{"start":{"line":70,"column":4},"end":{"line":70,"column":64}},"22":{"start":{"line":71,"column":4},"end":{"line":71,"column":98}},"23":{"start":{"line":75,"column":0},"end":{"line":90,"column":2}},"24":{"start":{"line":76,"column":2},"end":{"line":89,"column":3}},"25":{"start":{"line":77,"column":16},"end":{"line":80,"column":13}},"26":{"start":{"line":82,"column":4},"end":{"line":84,"column":5}},"27":{"start":{"line":83,"column":6},"end":{"line":83,"column":77}},"28":{"start":{"line":85,"column":4},"end":{"line":85,"column":18}},"29":{"start":{"line":87,"column":4},"end":{"line":87,"column":69}},"30":{"start":{"line":88,"column":4},"end":{"line":88,"column":103}},"31":{"start":{"line":92,"column":0},"end":{"line":97,"column":2}},"32":{"start":{"line":95,"column":2},"end":{"line":95,"column":124}},"33":{"start":{"line":96,"column":2},"end":{"line":96,"column":35}},"34":{"start":{"line":99,"column":0},"end":{"line":102,"column":2}},"35":{"start":{"line":100,"column":2},"end":{"line":100,"column":86}},"36":{"start":{"line":101,"column":2},"end":{"line":101,"column":35}}},"fnMap":{"0":{"name":"(anonymous_0)","decl":{"start":{"line":5,"column":18},"end":{"line":5,"column":19}},"loc":{"start":{"line":5,"column":38},"end":{"line":73,"column":1}},"line":5},"1":{"name":"(anonymous_1)","decl":{"start":{"line":25,"column":44},"end":{"line":25,"column":45}},"loc":{"start":{"line":25,"column":49},"end":{"line":25,"column":74}},"line":25},"2":{"name":"(anonymous_2)","decl":{"start":{"line":75,"column":21},"end":{"line":75,"column":22}},"loc":{"start":{"line":75,"column":41},"end":{"line":90,"column":1}},"line":75},"3":{"name":"(anonymous_3)","decl":{"start":{"line":92,"column":30},"end":{"line":92,"column":31}},"loc":{"start":{"line":92,"column":50},"end":{"line":97,"column":1}},"line":92},"4":{"name":"(anonymous_4)","decl":{"start":{"line":99,"column":31},"end":{"line":99,"column":32}},"loc":{"start":{"line":99,"column":51},"end":{"line":102,"column":1}},"line":99}},"branchMap":{"0":{"loc":{"start":{"line":15,"column":6},"end":{"line":15,"column":14}},"type":"default-arg","locations":[{"start":{"line":15,"column":13},"end":{"line":15,"column":14}}],"line":15},"1":{"loc":{"start":{"line":16,"column":6},"end":{"line":16,"column":16}},"type":"default-arg","locations":[{"start":{"line":16,"column":14},"end":{"line":16,"column":16}}],"line":16},"2":{"loc":{"start":{"line":17,"column":6},"end":{"line":17,"column":21}},"type":"default-arg","locations":[{"start":{"line":17,"column":15},"end":{"line":17,"column":21}}],"line":17},"3":{"loc":{"start":{"line":18,"column":6},"end":{"line":18,"column":23}},"type":"default-arg","locations":[{"start":{"line":18,"column":18},"end":{"line":18,"column":23}}],"line":18},"4":{"loc":{"start":{"line":24,"column":4},"end":{"line":27,"column":5}},"type":"if","locations":[{"start":{"line":24,"column":4},"end":{"line":27,"column":5}},{"start":{},"end":{}}],"line":24},"5":{"loc":{"start":{"line":28,"column":4},"end":{"line":28,"column":72}},"type":"if","locations":[{"start":{"line":28,"column":4},"end":{"line":28,"column":72}},{"start":{},"end":{}}],"line":28},"6":{"loc":{"start":{"line":29,"column":4},"end":{"line":29,"column":84}},"type":"if","locations":[{"start":{"line":29,"column":4},"end":{"line":29,"column":84}},{"start":{},"end":{}}],"line":29},"7":{"loc":{"start":{"line":31,"column":4},"end":{"line":41,"column":5}},"type":"if","locations":[{"start":{"line":31,"column":4},"end":{"line":41,"column":5}},{"start":{},"end":{}}],"line":31},"8":{"loc":{"start":{"line":31,"column":8},"end":{"line":31,"column":44}},"type":"binary-expr","locations":[{"start":{"line":31,"column":8},"end":{"line":31,"column":17}},{"start":{"line":31,"column":21},"end":{"line":31,"column":29}},{"start":{"line":31,"column":33},"end":{"line":31,"column":44}}],"line":31},"9":{"loc":{"start":{"line":43,"column":4},"end":{"line":52,"column":5}},"type":"if","locations":[{"start":{"line":43,"column":4},"end":{"line":52,"column":5}},{"start":{},"end":{}}],"line":43},"10":{"loc":{"start":{"line":56,"column":24},"end":{"line":56,"column":53}},"type":"cond-expr","locations":[{"start":{"line":56,"column":47},"end":{"line":56,"column":49}},{"start":{"line":56,"column":52},"end":{"line":56,"column":53}}],"line":56},"11":{"loc":{"start":{"line":82,"column":4},"end":{"line":84,"column":5}},"type":"if","locations":[{"start":{"line":82,"column":4},"end":{"line":84,"column":5}},{"start":{},"end":{}}],"line":82},"12":{"loc":{"start":{"line":95,"column":19},"end":{"line":95,"column":123}},"type":"binary-expr","locations":[{"start":{"line":95,"column":19},"end":{"line":95,"column":33}},{"start":{"line":95,"column":37},"end":{"line":95,"column":123}}],"line":95},"13":{"loc":{"start":{"line":100,"column":19},"end":{"line":100,"column":85}},"type":"binary-expr","locations":[{"start":{"line":100,"column":19},"end":{"line":100,"column":33}},{"start":{"line":100,"column":37},"end":{"line":100,"column":85}}],"line":100}},"s":{"0":1,"1":1,"2":11,"3":11,"4":11,"5":11,"6":11,"7":1,"8":2,"9":1,"10":11,"11":1,"12":11,"13":1,"14":11,"15":1,"16":11,"17":1,"18":11,"19":10,"20":10,"21":1,"22":1,"23":1,"24":3,"25":3,"26":3,"27":0,"28":3,"29":0,"30":0,"31":1,"32":2,"33":2,"34":1,"35":2,"36":2},"f":{"0":11,"1":2,"2":3,"3":2,"4":2},"b":{"0":[10],"1":[10],"2":[8],"3":[9],"4":[1,10],"5":[1,10],"6":[1,10],"7":[1,10],"8":[11,1,1],"9":[1,10],"10":[1,9],"11":[0,3],"12":[2,1],"13":[2,1]},"_coverageSchema":"1a1c01bbd47fc00a2c39e90264f33305004495a9","hash":"858171703c609c1ce121a4dcb8d35569f12a783c"}
,"C:\\Users\\pnvis\\Documents\\GitHub\\epicroadtrip\\epic-road-trip-backend\\controllers\\tripController.js": {"path":"C:\\Users\\pnvis\\Documents\\GitHub\\epicroadtrip\\epic-road-trip-backend\\controllers\\tripController.js","statementMap":{"0":{"start":{"line":2,"column":13},"end":{"line":2,"column":43}},"1":{"start":{"line":3,"column":17},"end":{"line":3,"column":36}},"2":{"start":{"line":8,"column":24},"end":{"line":15,"column":1}},"3":{"start":{"line":9,"column":19},"end":{"line":9,"column":43}},"4":{"start":{"line":10,"column":4},"end":{"line":12,"column":5}},"5":{"start":{"line":11,"column":8},"end":{"line":11,"column":87}},"6":{"start":{"line":13,"column":4},"end":{"line":13,"column":24}},"7":{"start":{"line":14,"column":4},"end":{"line":14,"column":11}},"8":{"start":{"line":18,"column":0},"end":{"line":50,"column":3}},"9":{"start":{"line":19,"column":51},"end":{"line":19,"column":59}},"10":{"start":{"line":20,"column":17},"end":{"line":20,"column":27}},"11":{"start":{"line":22,"column":2},"end":{"line":24,"column":3}},"12":{"start":{"line":23,"column":4},"end":{"line":23,"column":100}},"13":{"start":{"line":26,"column":2},"end":{"line":49,"column":3}},"14":{"start":{"line":27,"column":17},"end":{"line":27,"column":44}},"15":{"start":{"line":28,"column":4},"end":{"line":30,"column":5}},"16":{"start":{"line":29,"column":6},"end":{"line":29,"column":66}},"17":{"start":{"line":32,"column":20},"end":{"line":37,"column":5}},"18":{"start":{"line":39,"column":4},"end":{"line":39,"column":34}},"19":{"start":{"line":40,"column":4},"end":{"line":40,"column":22}},"20":{"start":{"line":43,"column":22},"end":{"line":43,"column":65}},"21":{"start":{"line":44,"column":4},"end":{"line":44,"column":82}},"22":{"start":{"line":47,"column":4},"end":{"line":47,"column":47}},"23":{"start":{"line":48,"column":4},"end":{"line":48,"column":81}},"24":{"start":{"line":52,"column":0},"end":{"line":64,"column":3}},"25":{"start":{"line":53,"column":17},"end":{"line":53,"column":27}},"26":{"start":{"line":54,"column":2},"end":{"line":63,"column":3}},"27":{"start":{"line":55,"column":17},"end":{"line":55,"column":72}},"28":{"start":{"line":56,"column":4},"end":{"line":58,"column":5}},"29":{"start":{"line":57,"column":6},"end":{"line":57,"column":66}},"30":{"start":{"line":59,"column":4},"end":{"line":59,"column":47}},"31":{"start":{"line":61,"column":4},"end":{"line":61,"column":56}},"32":{"start":{"line":62,"column":4},"end":{"line":62,"column":90}},"33":{"start":{"line":66,"column":0},"end":{"line":94,"column":3}},"34":{"start":{"line":67,"column":19},"end":{"line":67,"column":29}},"35":{"start":{"line":68,"column":23},"end":{"line":68,"column":33}},"36":{"start":{"line":70,"column":4},"end":{"line":72,"column":5}},"37":{"start":{"line":71,"column":8},"end":{"line":71,"column":76}},"38":{"start":{"line":74,"column":4},"end":{"line":93,"column":5}},"39":{"start":{"line":75,"column":21},"end":{"line":75,"column":48}},"40":{"start":{"line":76,"column":8},"end":{"line":78,"column":9}},"41":{"start":{"line":77,"column":12},"end":{"line":77,"column":72}},"42":{"start":{"line":80,"column":33},"end":{"line":80,"column":55}},"43":{"start":{"line":81,"column":8},"end":{"line":81,"column":89}},"44":{"start":{"line":81,"column":57},"end":{"line":81,"column":87}},"45":{"start":{"line":83,"column":8},"end":{"line":85,"column":9}},"46":{"start":{"line":84,"column":12},"end":{"line":84,"column":86}},"47":{"start":{"line":87,"column":8},"end":{"line":87,"column":26}},"48":{"start":{"line":88,"column":8},"end":{"line":88,"column":60}},"49":{"start":{"line":91,"column":8},"end":{"line":91,"column":53}},"50":{"start":{"line":92,"column":8},"end":{"line":92,"column":87}}},"fnMap":{"0":{"name":"(anonymous_0)","decl":{"start":{"line":8,"column":24},"end":{"line":8,"column":25}},"loc":{"start":{"line":8,"column":44},"end":{"line":15,"column":1}},"line":8},"1":{"name":"(anonymous_1)","decl":{"start":{"line":18,"column":37},"end":{"line":18,"column":38}},"loc":{"start":{"line":18,"column":57},"end":{"line":50,"column":1}},"line":18},"2":{"name":"(anonymous_2)","decl":{"start":{"line":52,"column":42},"end":{"line":52,"column":43}},"loc":{"start":{"line":52,"column":62},"end":{"line":64,"column":1}},"line":52},"3":{"name":"(anonymous_3)","decl":{"start":{"line":66,"column":44},"end":{"line":66,"column":45}},"loc":{"start":{"line":66,"column":64},"end":{"line":94,"column":1}},"line":66},"4":{"name":"(anonymous_4)","decl":{"start":{"line":81,"column":49},"end":{"line":81,"column":50}},"loc":{"start":{"line":81,"column":57},"end":{"line":81,"column":87}},"line":81}},"branchMap":{"0":{"loc":{"start":{"line":10,"column":4},"end":{"line":12,"column":5}},"type":"if","locations":[{"start":{"line":10,"column":4},"end":{"line":12,"column":5}},{"start":{},"end":{}}],"line":10},"1":{"loc":{"start":{"line":22,"column":2},"end":{"line":24,"column":3}},"type":"if","locations":[{"start":{"line":22,"column":2},"end":{"line":24,"column":3}},{"start":{},"end":{}}],"line":22},"2":{"loc":{"start":{"line":22,"column":6},"end":{"line":22,"column":29}},"type":"binary-expr","locations":[{"start":{"line":22,"column":6},"end":{"line":22,"column":13}},{"start":{"line":22,"column":17},"end":{"line":22,"column":29}}],"line":22},"3":{"loc":{"start":{"line":28,"column":4},"end":{"line":30,"column":5}},"type":"if","locations":[{"start":{"line":28,"column":4},"end":{"line":30,"column":5}},{"start":{},"end":{}}],"line":28},"4":{"loc":{"start":{"line":33,"column":12},"end":{"line":33,"column":44}},"type":"binary-expr","locations":[{"start":{"line":33,"column":12},"end":{"line":33,"column":16}},{"start":{"line":33,"column":20},"end":{"line":33,"column":44}}],"line":33},"5":{"loc":{"start":{"line":36,"column":17},"end":{"line":36,"column":32}},"type":"binary-expr","locations":[{"start":{"line":36,"column":17},"end":{"line":36,"column":26}},{"start":{"line":36,"column":30},"end":{"line":36,"column":32}}],"line":36},"6":{"loc":{"start":{"line":56,"column":4},"end":{"line":58,"column":5}},"type":"if","locations":[{"start":{"line":56,"column":4},"end":{"line":58,"column":5}},{"start":{},"end":{}}],"line":56},"7":{"loc":{"start":{"line":59,"column":22},"end":{"line":59,"column":43}},"type":"binary-expr","locations":[{"start":{"line":59,"column":22},"end":{"line":59,"column":37}},{"start":{"line":59,"column":41},"end":{"line":59,"column":43}}],"line":59},"8":{"loc":{"start":{"line":70,"column":4},"end":{"line":72,"column":5}},"type":"if","locations":[{"start":{"line":70,"column":4},"end":{"line":72,"column":5}},{"start":{},"end":{}}],"line":70},"9":{"loc":{"start":{"line":76,"column":8},"end":{"line":78,"column":9}},"type":"if","locations":[{"start":{"line":76,"column":8},"end":{"line":78,"column":9}},{"start":{},"end":{}}],"line":76},"10":{"loc":{"start":{"line":83,"column":8},"end":{"line":85,"column":9}},"type":"if","locations":[{"start":{"line":83,"column":8},"end":{"line":85,"column":9}},{"start":{},"end":{}}],"line":83}},"s":{"0":1,"1":1,"2":1,"3":2,"4":2,"5":1,"6":1,"7":1,"8":1,"9":5,"10":5,"11":5,"12":1,"13":4,"14":4,"15":4,"16":1,"17":3,"18":3,"19":3,"20":2,"21":2,"22":1,"23":1,"24":1,"25":0,"26":0,"27":0,"28":0,"29":0,"30":0,"31":0,"32":0,"33":1,"34":5,"35":5,"36":5,"37":1,"38":4,"39":4,"40":4,"41":1,"42":3,"43":3,"44":4,"45":3,"46":1,"47":2,"48":1,"49":1,"50":1},"f":{"0":2,"1":5,"2":0,"3":5,"4":4},"b":{"0":[1,1],"1":[1,4],"2":[5,5],"3":[1,3],"4":[3,2],"5":[3,1],"6":[0,0],"7":[0,0],"8":[1,4],"9":[1,3],"10":[1,2]},"_coverageSchema":"1a1c01bbd47fc00a2c39e90264f33305004495a9","hash":"dd6678555433415b9198eba98bf8ae6592a8095c"}
,"C:\\Users\\pnvis\\Documents\\GitHub\\epicroadtrip\\epic-road-trip-backend\\models\\poiModel.js": {"path":"C:\\Users\\pnvis\\Documents\\GitHub\\epicroadtrip\\epic-road-trip-backend\\models\\poiModel.js","statementMap":{"0":{"start":{"line":1,"column":17},"end":{"line":1,"column":36}},"1":{"start":{"line":3,"column":20},"end":{"line":11,"column":18}},"2":{"start":{"line":13,"column":18},"end":{"line":33,"column":2}},"3":{"start":{"line":35,"column":0},"end":{"line":35,"column":133}},"4":{"start":{"line":37,"column":12},"end":{"line":37,"column":44}},"5":{"start":{"line":39,"column":0},"end":{"line":39,"column":21}}},"fnMap":{},"branchMap":{},"s":{"0":1,"1":1,"2":1,"3":1,"4":1,"5":1},"f":{},"b":{},"_coverageSchema":"1a1c01bbd47fc00a2c39e90264f33305004495a9","hash":"c71e92d283a689c297eb07fd103491269f7bfcc5"}
,"C:\\Users\\pnvis\\Documents\\GitHub\\epicroadtrip\\epic-road-trip-backend\\models\\userModel.js": {"path":"C:\\Users\\pnvis\\Documents\\GitHub\\epicroadtrip\\epic-road-trip-backend\\models\\userModel.js","statementMap":{"0":{"start":{"line":2,"column":17},"end":{"line":2,"column":36}},"1":{"start":{"line":3,"column":15},"end":{"line":3,"column":30}},"2":{"start":{"line":6,"column":24},"end":{"line":21,"column":17}},"3":{"start":{"line":23,"column":19},"end":{"line":37,"column":2}},"4":{"start":{"line":47,"column":13},"end":{"line":47,"column":47}},"5":{"start":{"line":48,"column":0},"end":{"line":48,"column":22}}},"fnMap":{},"branchMap":{},"s":{"0":2,"1":2,"2":2,"3":2,"4":2,"5":2},"f":{},"b":{},"_coverageSchema":"1a1c01bbd47fc00a2c39e90264f33305004495a9","hash":"b3326ebe4b8e9e001a487581dc09935b17742c8c"}
}
