TN:
SF:controllers\authController.js
FN:9,(anonymous_0)
FN:36,(anonymous_1)
FNF:2
FNH:2
FNDA:5,(anonymous_0)
FNDA:5,(anonymous_1)
DA:2,1
DA:9,1
DA:10,5
DA:11,5
DA:12,2
DA:15,3
DA:16,3
DA:17,3
DA:18,1
DA:26,2
DA:27,2
DA:28,1
DA:30,1
DA:31,1
DA:36,1
DA:37,5
DA:38,5
DA:39,1
DA:42,4
DA:43,4
DA:44,3
DA:45,1
DA:54,2
DA:55,1
DA:63,1
DA:66,1
DA:67,1
LF:27
LH:27
BRDA:11,0,0,2
BRDA:11,0,1,3
BRDA:11,1,0,5
BRDA:11,1,1,4
BRDA:17,2,0,1
BRDA:17,2,1,2
BRDA:38,3,0,1
BRDA:38,3,1,4
BRDA:38,4,0,5
BRDA:38,4,1,5
BRDA:44,5,0,1
BRDA:44,5,1,2
BRDA:54,6,0,1
BRDA:54,6,1,1
BRF:14
BRH:14
end_of_record
TN:
SF:controllers\googlePlacesController.js
FN:4,getGooglePlacesByType
FN:42,(anonymous_1)
FN:46,(anonymous_2)
FN:50,(anonymous_3)
FNF:4
FNH:4
FNDA:10,getGooglePlacesByType
FNDA:6,(anonymous_1)
FNDA:2,(anonymous_2)
FNDA:2,(anonymous_3)
DA:2,1
DA:5,10
DA:8,10
DA:10,10
DA:11,4
DA:12,4
DA:13,6
DA:14,4
DA:15,2
DA:16,1
DA:19,1
DA:22,9
DA:25,9
DA:27,8
DA:28,8
DA:29,8
DA:31,8
DA:38,1
DA:42,1
DA:43,6
DA:46,1
DA:47,2
DA:50,1
DA:51,2
LF:24
LH:24
BRDA:5,0,0,1
BRDA:5,1,0,1
BRDA:10,2,0,4
BRDA:10,2,1,6
BRDA:10,3,0,10
BRDA:10,3,1,4
BRDA:10,3,2,4
BRDA:11,4,0,1
BRDA:11,4,1,3
BRDA:13,5,0,4
BRDA:13,5,1,2
BRDA:14,6,0,1
BRDA:14,6,1,3
BRDA:15,7,0,1
BRDA:15,7,1,1
BRDA:32,8,0,4
BRDA:32,8,1,4
BRF:17
BRH:17
end_of_record
TN:
SF:controllers\poiController.js
FN:5,(anonymous_0)
FN:25,(anonymous_1)
FN:75,(anonymous_2)
FN:92,(anonymous_3)
FN:99,(anonymous_4)
FNF:5
FNH:5
FNDA:11,(anonymous_0)
FNDA:2,(anonymous_1)
FNDA:3,(anonymous_2)
FNDA:2,(anonymous_3)
FNDA:2,(anonymous_4)
DA:2,1
DA:5,1
DA:6,11
DA:19,11
DA:21,11
DA:22,11
DA:24,11
DA:25,2
DA:26,1
DA:28,11
DA:29,11
DA:31,11
DA:32,1
DA:43,11
DA:44,1
DA:54,11
DA:55,10
DA:62,10
DA:70,1
DA:71,1
DA:75,1
DA:76,3
DA:77,3
DA:82,3
DA:83,0
DA:85,3
DA:87,0
DA:88,0
DA:92,1
DA:95,2
DA:96,2
DA:99,1
DA:100,2
DA:101,2
LF:34
LH:31
BRDA:15,0,0,10
BRDA:16,1,0,10
BRDA:17,2,0,8
BRDA:18,3,0,9
BRDA:24,4,0,1
BRDA:24,4,1,10
BRDA:28,5,0,1
BRDA:28,5,1,10
BRDA:29,6,0,1
BRDA:29,6,1,10
BRDA:31,7,0,1
BRDA:31,7,1,10
BRDA:31,8,0,11
BRDA:31,8,1,1
BRDA:31,8,2,1
BRDA:43,9,0,1
BRDA:43,9,1,10
BRDA:56,10,0,1
BRDA:56,10,1,9
BRDA:82,11,0,0
BRDA:82,11,1,3
BRDA:95,12,0,2
BRDA:95,12,1,1
BRDA:100,13,0,2
BRDA:100,13,1,1
BRF:25
BRH:24
end_of_record
TN:
SF:controllers\tripController.js
FN:8,(anonymous_0)
FN:18,(anonymous_1)
FN:52,(anonymous_2)
FN:66,(anonymous_3)
FN:81,(anonymous_4)
FNF:5
FNH:4
FNDA:2,(anonymous_0)
FNDA:5,(anonymous_1)
FNDA:0,(anonymous_2)
FNDA:5,(anonymous_3)
FNDA:4,(anonymous_4)
DA:2,1
DA:3,1
DA:8,1
DA:9,2
DA:10,2
DA:11,1
DA:13,1
DA:14,1
DA:18,1
DA:19,5
DA:20,5
DA:22,5
DA:23,1
DA:26,4
DA:27,4
DA:28,4
DA:29,1
DA:32,3
DA:39,3
DA:40,3
DA:43,2
DA:44,2
DA:47,1
DA:48,1
DA:52,1
DA:53,0
DA:54,0
DA:55,0
DA:56,0
DA:57,0
DA:59,0
DA:61,0
DA:62,0
DA:66,1
DA:67,5
DA:68,5
DA:70,5
DA:71,1
DA:74,4
DA:75,4
DA:76,4
DA:77,1
DA:80,3
DA:81,4
DA:83,3
DA:84,1
DA:87,2
DA:88,1
DA:91,1
DA:92,1
LF:50
LH:42
BRDA:10,0,0,1
BRDA:10,0,1,1
BRDA:22,1,0,1
BRDA:22,1,1,4
BRDA:22,2,0,5
BRDA:22,2,1,5
BRDA:28,3,0,1
BRDA:28,3,1,3
BRDA:33,4,0,3
BRDA:33,4,1,2
BRDA:36,5,0,3
BRDA:36,5,1,1
BRDA:56,6,0,0
BRDA:56,6,1,0
BRDA:59,7,0,0
BRDA:59,7,1,0
BRDA:70,8,0,1
BRDA:70,8,1,4
BRDA:76,9,0,1
BRDA:76,9,1,3
BRDA:83,10,0,1
BRDA:83,10,1,2
BRF:22
BRH:18
end_of_record
TN:
SF:models\poiModel.js
FNF:0
FNH:0
DA:1,1
DA:3,1
DA:13,1
DA:35,1
DA:37,1
DA:39,1
LF:6
LH:6
BRF:0
BRH:0
end_of_record
TN:
SF:models\userModel.js
FNF:0
FNH:0
DA:2,2
DA:3,2
DA:6,2
DA:23,2
DA:47,2
DA:48,2
LF:6
LH:6
BRF:0
BRH:0
end_of_record
